<?xml version="1.0" encoding="UTF-8"?>
<!-- Generated by org.testng.reporters.JUnitReportReporter -->
<testsuite hostname="MININT-PAL5FRG" failures="0" tests="1" name="helloWorld.helloWorldClass" time="0.009" errors="0" timestamp="2021-06-12T12:01:20 IST" skipped="0">
  <testcase classname="helloWorld.helloWorldClass" name="helloWorldPrint" time="0.009"/>
  <system-out/>
</testsuite> <!-- helloWorld.helloWorldClass -->
