<?xml version="1.0" encoding="UTF-8"?>
<!-- Generated by org.testng.reporters.JUnitReportReporter -->
<testsuite hostname="MININT-PAL5FRG" failures="0" tests="2" name="extentReport_Package.ExtentReportDemo_TestNG" time="11.300" errors="0" timestamp="2021-06-12T13:34:56 IST" skipped="0">
  <testcase classname="extentReport_Package.ExtentReportDemo_TestNG" name="test1" time="7.072"/>
  <system-out/>
  <testcase classname="extentReport_Package.ExtentReportDemo_TestNG" name="test2" time="4.228"/>
  <system-out/>
</testsuite> <!-- extentReport_Package.ExtentReportDemo_TestNG -->
